2025-10-05 04:56:08,394 - __main__ - INFO - ============================================================
2025-10-05 04:56:08,409 - __main__ - INFO - ============================================================
2025-10-05 04:56:08,474 - __main__ - INFO - ============================================================
2025-10-05 04:56:08,489 - __main__ - INFO - Loading model from: C:\Nasa-code-Repo\exoplanet-jain\data\models
2025-10-05 04:56:10,899 - __main__ - INFO - Loading preprocessing components...
2025-10-05 04:56:11,926 - __main__ - INFO -    - Validation Accuracy: 0.755
2025-10-05 04:56:11,929 - __main__ - INFO -    - ROC AUC: 0.930
2025-10-05 04:56:11,929 - __main__ - INFO -    - F1 Score: 0.766
2025-10-05 04:56:11,930 - __main__ - INFO - ============================================================
2025-10-05 04:56:11,994 - __main__ - INFO -    - GET  /health              - Service health check
2025-10-05 04:56:11,995 - __main__ - INFO -    - GET  /model/info          - Model information
2025-10-05 04:56:11,996 - __main__ - INFO -    - POST /predict             - Single prediction
2025-10-05 04:56:11,996 - __main__ - INFO -    - POST /predict/batch       - Batch predictions
2025-10-05 04:56:11,997 - __main__ - INFO -    - GET  /predictions/history - Prediction history
2025-10-05 04:56:12,003 - __main__ - INFO - ============================================================
2025-10-05 04:56:12,195 - werkzeug - INFO - [31m[1mWARNING: This is a development server. Do not use it in a production deployment. Use a production WSGI server instead.[0m
 * Running on http://127.0.0.1:5001
2025-10-05 04:56:12,199 - werkzeug - INFO - [33mPress CTRL+C to quit[0m
2025-10-05 04:57:00,721 - __main__ - INFO - ============================================================
2025-10-05 04:57:00,734 - __main__ - INFO - ============================================================
2025-10-05 04:57:00,770 - __main__ - INFO - ============================================================
2025-10-05 04:57:00,774 - __main__ - INFO - Loading model from: C:\Nasa-code-Repo\exoplanet-jain\data\models
2025-10-05 04:57:01,621 - __main__ - INFO - Loading preprocessing components...
2025-10-05 04:57:01,848 - __main__ - INFO -    - Validation Accuracy: 0.755
2025-10-05 04:57:01,848 - __main__ - INFO -    - ROC AUC: 0.930
2025-10-05 04:57:01,848 - __main__ - INFO -    - F1 Score: 0.766
2025-10-05 04:57:01,848 - __main__ - INFO - ============================================================
2025-10-05 04:57:01,852 - __main__ - INFO -    - GET  /health              - Service health check
2025-10-05 04:57:01,853 - __main__ - INFO -    - GET  /model/info          - Model information
2025-10-05 04:57:01,853 - __main__ - INFO -    - POST /predict             - Single prediction
2025-10-05 04:57:01,853 - __main__ - INFO -    - POST /predict/batch       - Batch predictions
2025-10-05 04:57:01,853 - __main__ - INFO -    - GET  /predictions/history - Prediction history
2025-10-05 04:57:01,854 - __main__ - INFO - ============================================================
2025-10-05 04:57:01,915 - werkzeug - INFO - [31m[1mWARNING: This is a development server. Do not use it in a production deployment. Use a production WSGI server instead.[0m
 * Running on http://127.0.0.1:5001
2025-10-05 04:57:01,915 - werkzeug - INFO - [33mPress CTRL+C to quit[0m
